1. Starting debug import...
Traceback (most recent call last):
2. Python executable: C:\Users\ttapk\AppData\Local\Programs\Python\Python312\python.exe
3. CWD: C:\Users\ttapk\PycharmProjects\pythonProject\AI bot for FB page
4. Importing main...
  File "C:\Users\ttapk\PycharmProjects\pythonProject\AI bot for FB page\scripts\debug_imports.py", line 10, in <module>
    import main
ModuleNotFoundError: No module named 'main'

During handling of the above exception, another exception occurred:

Traceback (most recent call last):
  File "C:\Users\ttapk\PycharmProjects\pythonProject\AI bot for FB page\scripts\debug_imports.py", line 18, in <module>
    print(f"\n\u274c IMPORT ERROR: {e}")
  File "C:\Users\ttapk\AppData\Local\Programs\Python\Python312\Lib\encodings\cp1252.py", line 19, in encode
    return codecs.charmap_encode(input,self.errors,encoding_table)[0]
           ^^^^^^^^^^^^^^^^^^^^^^^^^^^^^^^^^^^^^^^^^^^^^^^^^^^^^^^
UnicodeEncodeError: 'charmap' codec can't encode character '\u274c' in position 2: character maps to <undefined>
