============================= test session starts =============================
platform win32 -- Python 3.12.4, pytest-9.0.2, pluggy-1.6.0 -- C:\Users\ttapk\PycharmProjects\pythonProject\AI bot for FB page\.venv\Scripts\python.exe
cachedir: .pytest_cache
rootdir: C:\Users\ttapk\PycharmProjects\pythonProject\AI bot for FB page
plugins: anyio-4.12.1, asyncio-1.3.0, cov-7.0.0
asyncio: mode=Mode.STRICT, debug=False, asyncio_default_fixture_loop_scope=None, asyncio_default_test_loop_scope=function
collecting ... collected 8 items

scripts/test_api.py::test_health FAILED                                  [ 12%]
scripts/test_api.py::test_readiness FAILED                               [ 25%]
scripts/test_api.py::test_metrics FAILED                                 [ 37%]
scripts/test_api.py::test_config FAILED                                  [ 50%]
scripts/test_api.py::test_webhook_verification FAILED                    [ 62%]
scripts/test_memory_logic.py::test_memory_logic PASSED                   [ 75%]
scripts/test_webhook.py::test_webhook_verification PASSED                [ 87%]
scripts/test_webhook.py::test_health_endpoint PASSED                     [100%]

================================== FAILURES ===================================
_________________________________ test_health _________________________________

self = <HTTPConnection(host='localhost', port=8000) at 0x1713258fd70>

    def _new_conn(self) -> socket.socket:
        """Establish a socket connection and set nodelay settings on it.
    
        :return: New socket connection.
        """
        try:
>           sock = connection.create_connection(
                (self._dns_host, self.port),
                self.timeout,
                source_address=self.source_address,
                socket_options=self.socket_options,
            )

.venv\Lib\site-packages\urllib3\connection.py:204: 
_ _ _ _ _ _ _ _ _ _ _ _ _ _ _ _ _ _ _ _ _ _ _ _ _ _ _ _ _ _ _ _ _ _ _ _ _ _ _ _

address = ('localhost', 8000), timeout = None, source_address = None
socket_options = [(6, 1, 1)]

    def create_connection(
        address: tuple[str, int],
        timeout: _TYPE_TIMEOUT = _DEFAULT_TIMEOUT,
        source_address: tuple[str, int] | None = None,
        socket_options: _TYPE_SOCKET_OPTIONS | None = None,
    ) -> socket.socket:
        """Connect to *address* and return the socket object.
    
        Convenience function.  Connect to *address* (a 2-tuple ``(host,
        port)``) and return the socket object.  Passing the optional
        *timeout* parameter will set the timeout on the socket instance
        before attempting to connect.  If no *timeout* is supplied, the
        global default timeout setting returned by :func:`socket.getdefaulttimeout`
        is used.  If *source_address* is set it must be a tuple of (host, port)
        for the socket to bind as a source address before making the connection.
        An host of '' or port 0 tells the OS to use the default.
        """
    
        host, port = address
        if host.startswith("["):
            host = host.strip("[]")
        err = None
    
        # Using the value from allowed_gai_family() in the context of getaddrinfo lets
        # us select whether to work with IPv4 DNS records, IPv6 records, or both.
        # The original create_connection function always returns all records.
        family = allowed_gai_family()
    
        try:
            host.encode("idna")
        except UnicodeError:
            raise LocationParseError(f"'{host}', label empty or too long") from None
    
        for res in socket.getaddrinfo(host, port, family, socket.SOCK_STREAM):
            af, socktype, proto, canonname, sa = res
            sock = None
            try:
                sock = socket.socket(af, socktype, proto)
    
                # If provided, set socket level options before connecting.
                _set_socket_options(sock, socket_options)
    
                if timeout is not _DEFAULT_TIMEOUT:
                    sock.settimeout(timeout)
                if source_address:
                    sock.bind(source_address)
                sock.connect(sa)
                # Break explicitly a reference cycle
                err = None
                return sock
    
            except OSError as _:
                err = _
                if sock is not None:
                    sock.close()
    
        if err is not None:
            try:
>               raise err

.venv\Lib\site-packages\urllib3\util\connection.py:85: 
_ _ _ _ _ _ _ _ _ _ _ _ _ _ _ _ _ _ _ _ _ _ _ _ _ _ _ _ _ _ _ _ _ _ _ _ _ _ _ _

address = ('localhost', 8000), timeout = None, source_address = None
socket_options = [(6, 1, 1)]

    def create_connection(
        address: tuple[str, int],
        timeout: _TYPE_TIMEOUT = _DEFAULT_TIMEOUT,
        source_address: tuple[str, int] | None = None,
        socket_options: _TYPE_SOCKET_OPTIONS | None = None,
    ) -> socket.socket:
        """Connect to *address* and return the socket object.
    
        Convenience function.  Connect to *address* (a 2-tuple ``(host,
        port)``) and return the socket object.  Passing the optional
        *timeout* parameter will set the timeout on the socket instance
        before attempting to connect.  If no *timeout* is supplied, the
        global default timeout setting returned by :func:`socket.getdefaulttimeout`
        is used.  If *source_address* is set it must be a tuple of (host, port)
        for the socket to bind as a source address before making the connection.
        An host of '' or port 0 tells the OS to use the default.
        """
    
        host, port = address
        if host.startswith("["):
            host = host.strip("[]")
        err = None
    
        # Using the value from allowed_gai_family() in the context of getaddrinfo lets
        # us select whether to work with IPv4 DNS records, IPv6 records, or both.
        # The original create_connection function always returns all records.
        family = allowed_gai_family()
    
        try:
            host.encode("idna")
        except UnicodeError:
            raise LocationParseError(f"'{host}', label empty or too long") from None
    
        for res in socket.getaddrinfo(host, port, family, socket.SOCK_STREAM):
            af, socktype, proto, canonname, sa = res
            sock = None
            try:
                sock = socket.socket(af, socktype, proto)
    
                # If provided, set socket level options before connecting.
                _set_socket_options(sock, socket_options)
    
                if timeout is not _DEFAULT_TIMEOUT:
                    sock.settimeout(timeout)
                if source_address:
                    sock.bind(source_address)
>               sock.connect(sa)
E               ConnectionRefusedError: [WinError 10061] No connection could be made because the target machine actively refused it

.venv\Lib\site-packages\urllib3\util\connection.py:73: ConnectionRefusedError

The above exception was the direct cause of the following exception:

self = <urllib3.connectionpool.HTTPConnectionPool object at 0x0000017132734E90>
method = 'GET', url = '/health', body = None
headers = {'User-Agent': 'python-requests/2.32.5', 'Accept-Encoding': 'gzip, deflate', 'Accept': '*/*', 'Connection': 'keep-alive'}
retries = Retry(total=0, connect=None, read=False, redirect=None, status=None)
redirect = False, assert_same_host = False
timeout = Timeout(connect=None, read=None, total=None), pool_timeout = None
release_conn = False, chunked = False, body_pos = None, preload_content = False
decode_content = False, response_kw = {}
parsed_url = Url(scheme=None, auth=None, host=None, port=None, path='/health', query=None, fragment=None)
destination_scheme = None, conn = None, release_this_conn = True
http_tunnel_required = False, err = None, clean_exit = False

    def urlopen(  # type: ignore[override]
        self,
        method: str,
        url: str,
        body: _TYPE_BODY | None = None,
        headers: typing.Mapping[str, str] | None = None,
        retries: Retry | bool | int | None = None,
        redirect: bool = True,
        assert_same_host: bool = True,
        timeout: _TYPE_TIMEOUT = _DEFAULT_TIMEOUT,
        pool_timeout: int | None = None,
        release_conn: bool | None = None,
        chunked: bool = False,
        body_pos: _TYPE_BODY_POSITION | None = None,
        preload_content: bool = True,
        decode_content: bool = True,
        **response_kw: typing.Any,
    ) -> BaseHTTPResponse:
        """
        Get a connection from the pool and perform an HTTP request. This is the
        lowest level call for making a request, so you'll need to specify all
        the raw details.
    
        .. note::
    
           More commonly, it's appropriate to use a convenience method
           such as :meth:`request`.
    
        .. note::
    
           `release_conn` will only behave as expected if
           `preload_content=False` because we want to make
           `preload_content=False` the default behaviour someday soon without
           breaking backwards compatibility.
    
        :param method:
            HTTP request method (such as GET, POST, PUT, etc.)
    
        :param url:
            The URL to perform the request on.
    
        :param body:
            Data to send in the request body, either :class:`str`, :class:`bytes`,
            an iterable of :class:`str`/:class:`bytes`, or a file-like object.
    
        :param headers:
            Dictionary of custom headers to send, such as User-Agent,
            If-None-Match, etc. If None, pool headers are used. If provided,
            these headers completely replace any pool-specific headers.
    
        :param retries:
            Configure the number of retries to allow before raising a
            :class:`~urllib3.exceptions.MaxRetryError` exception.
    
            If ``None`` (default) will retry 3 times, see ``Retry.DEFAULT``. Pass a
            :class:`~urllib3.util.retry.Retry` object for fine-grained control
            over different types of retries.
            Pass an integer number to retry connection errors that many times,
            but no other types of errors. Pass zero to never retry.
    
            If ``False``, then retries are disabled and any exception is raised
            immediately. Also, instead of raising a MaxRetryError on redirects,
            the redirect response will be returned.
    
        :type retries: :class:`~urllib3.util.retry.Retry`, False, or an int.
    
        :param redirect:
            If True, automatically handle redirects (status codes 301, 302,
            303, 307, 308). Each redirect counts as a retry. Disabling retries
            will disable redirect, too.
    
        :param assert_same_host:
            If ``True``, will make sure that the host of the pool requests is
            consistent else will raise HostChangedError. When ``False``, you can
            use the pool on an HTTP proxy and request foreign hosts.
    
        :param timeout:
            If specified, overrides the default timeout for this one
            request. It may be a float (in seconds) or an instance of
            :class:`urllib3.util.Timeout`.
    
        :param pool_timeout:
            If set and the pool is set to block=True, then this method will
            block for ``pool_timeout`` seconds and raise EmptyPoolError if no
            connection is available within the time period.
    
        :param bool preload_content:
            If True, the response's body will be preloaded into memory.
    
        :param bool decode_content:
            If True, will attempt to decode the body based on the
            'content-encoding' header.
    
        :param release_conn:
            If False, then the urlopen call will not release the connection
            back into the pool once a response is received (but will release if
            you read the entire contents of the response such as when
            `preload_content=True`). This is useful if you're not preloading
            the response's content immediately. You will need to call
            ``r.release_conn()`` on the response ``r`` to return the connection
            back into the pool. If None, it takes the value of ``preload_content``
            which defaults to ``True``.
    
        :param bool chunked:
            If True, urllib3 will send the body using chunked transfer
            encoding. Otherwise, urllib3 will send the body using the standard
            content-length form. Defaults to False.
    
        :param int body_pos:
            Position to seek to in file-like body in the event of a retry or
            redirect. Typically this won't need to be set because urllib3 will
            auto-populate the value when needed.
        """
        parsed_url = parse_url(url)
        destination_scheme = parsed_url.scheme
    
        if headers is None:
            headers = self.headers
    
        if not isinstance(retries, Retry):
            retries = Retry.from_int(retries, redirect=redirect, default=self.retries)
    
        if release_conn is None:
            release_conn = preload_content
    
        # Check host
        if assert_same_host and not self.is_same_host(url):
            raise HostChangedError(self, url, retries)
    
        # Ensure that the URL we're connecting to is properly encoded
        if url.startswith("/"):
            url = to_str(_encode_target(url))
        else:
            url = to_str(parsed_url.url)
    
        conn = None
    
        # Track whether `conn` needs to be released before
        # returning/raising/recursing. Update this variable if necessary, and
        # leave `release_conn` constant throughout the function. That way, if
        # the function recurses, the original value of `release_conn` will be
        # passed down into the recursive call, and its value will be respected.
        #
        # See issue #651 [1] for details.
        #
        # [1] <https://github.com/urllib3/urllib3/issues/651>
        release_this_conn = release_conn
    
        http_tunnel_required = connection_requires_http_tunnel(
            self.proxy, self.proxy_config, destination_scheme
        )
    
        # Merge the proxy headers. Only done when not using HTTP CONNECT. We
        # have to copy the headers dict so we can safely change it without those
        # changes being reflected in anyone else's copy.
        if not http_tunnel_required:
            headers = headers.copy()  # type: ignore[attr-defined]
            headers.update(self.proxy_headers)  # type: ignore[union-attr]
    
        # Must keep the exception bound to a separate variable or else Python 3
        # complains about UnboundLocalError.
        err = None
    
        # Keep track of whether we cleanly exited the except block. This
        # ensures we do proper cleanup in finally.
        clean_exit = False
    
        # Rewind body position, if needed. Record current position
        # for future rewinds in the event of a redirect/retry.
        body_pos = set_file_position(body, body_pos)
    
        try:
            # Request a connection from the queue.
            timeout_obj = self._get_timeout(timeout)
            conn = self._get_conn(timeout=pool_timeout)
    
            conn.timeout = timeout_obj.connect_timeout  # type: ignore[assignment]
    
            # Is this a closed/new connection that requires CONNECT tunnelling?
            if self.proxy is not None and http_tunnel_required and conn.is_closed:
                try:
                    self._prepare_proxy(conn)
                except (BaseSSLError, OSError, SocketTimeout) as e:
                    self._raise_timeout(
                        err=e, url=self.proxy.url, timeout_value=conn.timeout
                    )
                    raise
    
            # If we're going to release the connection in ``finally:``, then
            # the response doesn't need to know about the connection. Otherwise
            # it will also try to release it and we'll have a double-release
            # mess.
            response_conn = conn if not release_conn else None
    
            # Make the request on the HTTPConnection object
>           response = self._make_request(
                conn,
                method,
                url,
                timeout=timeout_obj,
                body=body,
                headers=headers,
                chunked=chunked,
                retries=retries,
                response_conn=response_conn,
                preload_content=preload_content,
                decode_content=decode_content,
                **response_kw,
            )

.venv\Lib\site-packages\urllib3\connectionpool.py:787: 
_ _ _ _ _ _ _ _ _ _ _ _ _ _ _ _ _ _ _ _ _ _ _ _ _ _ _ _ _ _ _ _ _ _ _ _ _ _ _ _

self = <urllib3.connectionpool.HTTPConnectionPool object at 0x0000017132734E90>
conn = <HTTPConnection(host='localhost', port=8000) at 0x1713258fd70>
method = 'GET', url = '/health', body = None
headers = {'User-Agent': 'python-requests/2.32.5', 'Accept-Encoding': 'gzip, deflate', 'Accept': '*/*', 'Connection': 'keep-alive'}
retries = Retry(total=0, connect=None, read=False, redirect=None, status=None)
timeout = Timeout(connect=None, read=None, total=None), chunked = False
response_conn = <HTTPConnection(host='localhost', port=8000) at 0x1713258fd70>
preload_content = False, decode_content = False, enforce_content_length = True

    def _make_request(
        self,
        conn: BaseHTTPConnection,
        method: str,
        url: str,
        body: _TYPE_BODY | None = None,
        headers: typing.Mapping[str, str] | None = None,
        retries: Retry | None = None,
        timeout: _TYPE_TIMEOUT = _DEFAULT_TIMEOUT,
        chunked: bool = False,
        response_conn: BaseHTTPConnection | None = None,
        preload_content: bool = True,
        decode_content: bool = True,
        enforce_content_length: bool = True,
    ) -> BaseHTTPResponse:
        """
        Perform a request on a given urllib connection object taken from our
        pool.
    
        :param conn:
            a connection from one of our connection pools
    
        :param method:
            HTTP request method (such as GET, POST, PUT, etc.)
    
        :param url:
            The URL to perform the request on.
    
        :param body:
            Data to send in the request body, either :class:`str`, :class:`bytes`,
            an iterable of :class:`str`/:class:`bytes`, or a file-like object.
    
        :param headers:
            Dictionary of custom headers to send, such as User-Agent,
            If-None-Match, etc. If None, pool headers are used. If provided,
            these headers completely replace any pool-specific headers.
    
        :param retries:
            Configure the number of retries to allow before raising a
            :class:`~urllib3.exceptions.MaxRetryError` exception.
    
            Pass ``None`` to retry until you receive a response. Pass a
            :class:`~urllib3.util.retry.Retry` object for fine-grained control
            over different types of retries.
            Pass an integer number to retry connection errors that many times,
            but no other types of errors. Pass zero to never retry.
    
            If ``False``, then retries are disabled and any exception is raised
            immediately. Also, instead of raising a MaxRetryError on redirects,
            the redirect response will be returned.
    
        :type retries: :class:`~urllib3.util.retry.Retry`, False, or an int.
    
        :param timeout:
            If specified, overrides the default timeout for this one
            request. It may be a float (in seconds) or an instance of
            :class:`urllib3.util.Timeout`.
    
        :param chunked:
            If True, urllib3 will send the body using chunked transfer
            encoding. Otherwise, urllib3 will send the body using the standard
            content-length form. Defaults to False.
    
        :param response_conn:
            Set this to ``None`` if you will handle releasing the connection or
            set the connection to have the response release it.
    
        :param preload_content:
          If True, the response's body will be preloaded during construction.
    
        :param decode_content:
            If True, will attempt to decode the body based on the
            'content-encoding' header.
    
        :param enforce_content_length:
            Enforce content length checking. Body returned by server must match
            value of Content-Length header, if present. Otherwise, raise error.
        """
        self.num_requests += 1
    
        timeout_obj = self._get_timeout(timeout)
        timeout_obj.start_connect()
        conn.timeout = Timeout.resolve_default_timeout(timeout_obj.connect_timeout)
    
        try:
            # Trigger any extra validation we need to do.
            try:
                self._validate_conn(conn)
            except (SocketTimeout, BaseSSLError) as e:
                self._raise_timeout(err=e, url=url, timeout_value=conn.timeout)
                raise
    
        # _validate_conn() starts the connection to an HTTPS proxy
        # so we need to wrap errors with 'ProxyError' here too.
        except (
            OSError,
            NewConnectionError,
            TimeoutError,
            BaseSSLError,
            CertificateError,
            SSLError,
        ) as e:
            new_e: Exception = e
            if isinstance(e, (BaseSSLError, CertificateError)):
                new_e = SSLError(e)
            # If the connection didn't successfully connect to it's proxy
            # then there
            if isinstance(
                new_e, (OSError, NewConnectionError, TimeoutError, SSLError)
            ) and (conn and conn.proxy and not conn.has_connected_to_proxy):
                new_e = _wrap_proxy_error(new_e, conn.proxy.scheme)
            raise new_e
    
        # conn.request() calls http.client.*.request, not the method in
        # urllib3.request. It also calls makefile (recv) on the socket.
        try:
>           conn.request(
                method,
                url,
                body=body,
                headers=headers,
                chunked=chunked,
                preload_content=preload_content,
                decode_content=decode_content,
                enforce_content_length=enforce_content_length,
            )

.venv\Lib\site-packages\urllib3\connectionpool.py:493: 
_ _ _ _ _ _ _ _ _ _ _ _ _ _ _ _ _ _ _ _ _ _ _ _ _ _ _ _ _ _ _ _ _ _ _ _ _ _ _ _

self = <HTTPConnection(host='localhost', port=8000) at 0x1713258fd70>
method = 'GET', url = '/health', body = None
headers = {'User-Agent': 'python-requests/2.32.5', 'Accept-Encoding': 'gzip, deflate', 'Accept': '*/*', 'Connection': 'keep-alive'}

    def request(  # type: ignore[override]
        self,
        method: str,
        url: str,
        body: _TYPE_BODY | None = None,
        headers: typing.Mapping[str, str] | None = None,
        *,
        chunked: bool = False,
        preload_content: bool = True,
        decode_content: bool = True,
        enforce_content_length: bool = True,
    ) -> None:
        # Update the inner socket's timeout value to send the request.
        # This only triggers if the connection is re-used.
        if self.sock is not None:
            self.sock.settimeout(self.timeout)
    
        # Store these values to be fed into the HTTPResponse
        # object later. TODO: Remove this in favor of a real
        # HTTP lifecycle mechanism.
    
        # We have to store these before we call .request()
        # because sometimes we can still salvage a response
        # off the wire even if we aren't able to completely
        # send the request body.
        self._response_options = _ResponseOptions(
            request_method=method,
            request_url=url,
            preload_content=preload_content,
            decode_content=decode_content,
            enforce_content_length=enforce_content_length,
        )
    
        if headers is None:
            headers = {}
        header_keys = frozenset(to_str(k.lower()) for k in headers)
        skip_accept_encoding = "accept-encoding" in header_keys
        skip_host = "host" in header_keys
        self.putrequest(
            method, url, skip_accept_encoding=skip_accept_encoding, skip_host=skip_host
        )
    
        # Transform the body into an iterable of sendall()-able chunks
        # and detect if an explicit Content-Length is doable.
        chunks_and_cl = body_to_chunks(body, method=method, blocksize=self.blocksize)
        chunks = chunks_and_cl.chunks
        content_length = chunks_and_cl.content_length
    
        # When chunked is explicit set to 'True' we respect that.
        if chunked:
            if "transfer-encoding" not in header_keys:
                self.putheader("Transfer-Encoding", "chunked")
        else:
            # Detect whether a framing mechanism is already in use. If so
            # we respect that value, otherwise we pick chunked vs content-length
            # depending on the type of 'body'.
            if "content-length" in header_keys:
                chunked = False
            elif "transfer-encoding" in header_keys:
                chunked = True
    
            # Otherwise we go off the recommendation of 'body_to_chunks()'.
            else:
                chunked = False
                if content_length is None:
                    if chunks is not None:
                        chunked = True
                        self.putheader("Transfer-Encoding", "chunked")
                else:
                    self.putheader("Content-Length", str(content_length))
    
        # Now that framing headers are out of the way we send all the other headers.
        if "user-agent" not in header_keys:
            self.putheader("User-Agent", _get_default_user_agent())
        for header, value in headers.items():
            self.putheader(header, value)
>       self.endheaders()

.venv\Lib\site-packages\urllib3\connection.py:500: 
_ _ _ _ _ _ _ _ _ _ _ _ _ _ _ _ _ _ _ _ _ _ _ _ _ _ _ _ _ _ _ _ _ _ _ _ _ _ _ _

self = <HTTPConnection(host='localhost', port=8000) at 0x1713258fd70>
message_body = None

    def endheaders(self, message_body=None, *, encode_chunked=False):
        """Indicate that the last header line has been sent to the server.
    
        This method sends the request to the server.  The optional message_body
        argument can be used to pass a message body associated with the
        request.
        """
        if self.__state == _CS_REQ_STARTED:
            self.__state = _CS_REQ_SENT
        else:
            raise CannotSendHeader()
>       self._send_output(message_body, encode_chunked=encode_chunked)

..\..\..\AppData\Local\Programs\Python\Python312\Lib\http\client.py:1331: 
_ _ _ _ _ _ _ _ _ _ _ _ _ _ _ _ _ _ _ _ _ _ _ _ _ _ _ _ _ _ _ _ _ _ _ _ _ _ _ _

self = <HTTPConnection(host='localhost', port=8000) at 0x1713258fd70>
message_body = None, encode_chunked = False

    def _send_output(self, message_body=None, encode_chunked=False):
        """Send the currently buffered request and clear the buffer.
    
        Appends an extra \\r\\n to the buffer.
        A message_body may be specified, to be appended to the request.
        """
        self._buffer.extend((b"", b""))
        msg = b"\r\n".join(self._buffer)
        del self._buffer[:]
>       self.send(msg)

..\..\..\AppData\Local\Programs\Python\Python312\Lib\http\client.py:1091: 
_ _ _ _ _ _ _ _ _ _ _ _ _ _ _ _ _ _ _ _ _ _ _ _ _ _ _ _ _ _ _ _ _ _ _ _ _ _ _ _

self = <HTTPConnection(host='localhost', port=8000) at 0x1713258fd70>
data = b'GET /health HTTP/1.1\r\nHost: localhost:8000\r\nUser-Agent: python-requests/2.32.5\r\nAccept-Encoding: gzip, deflate\r\nAccept: */*\r\nConnection: keep-alive\r\n\r\n'

    def send(self, data):
        """Send `data' to the server.
        ``data`` can be a string object, a bytes object, an array object, a
        file-like object that supports a .read() method, or an iterable object.
        """
    
        if self.sock is None:
            if self.auto_open:
>               self.connect()

..\..\..\AppData\Local\Programs\Python\Python312\Lib\http\client.py:1035: 
_ _ _ _ _ _ _ _ _ _ _ _ _ _ _ _ _ _ _ _ _ _ _ _ _ _ _ _ _ _ _ _ _ _ _ _ _ _ _ _

self = <HTTPConnection(host='localhost', port=8000) at 0x1713258fd70>

    def connect(self) -> None:
>       self.sock = self._new_conn()
                    ^^^^^^^^^^^^^^^^

.venv\Lib\site-packages\urllib3\connection.py:331: 
_ _ _ _ _ _ _ _ _ _ _ _ _ _ _ _ _ _ _ _ _ _ _ _ _ _ _ _ _ _ _ _ _ _ _ _ _ _ _ _

self = <HTTPConnection(host='localhost', port=8000) at 0x1713258fd70>

    def _new_conn(self) -> socket.socket:
        """Establish a socket connection and set nodelay settings on it.
    
        :return: New socket connection.
        """
        try:
            sock = connection.create_connection(
                (self._dns_host, self.port),
                self.timeout,
                source_address=self.source_address,
                socket_options=self.socket_options,
            )
        except socket.gaierror as e:
            raise NameResolutionError(self.host, self, e) from e
        except SocketTimeout as e:
            raise ConnectTimeoutError(
                self,
                f"Connection to {self.host} timed out. (connect timeout={self.timeout})",
            ) from e
    
        except OSError as e:
>           raise NewConnectionError(
                self, f"Failed to establish a new connection: {e}"
            ) from e
E           urllib3.exceptions.NewConnectionError: HTTPConnection(host='localhost', port=8000): Failed to establish a new connection: [WinError 10061] No connection could be made because the target machine actively refused it

.venv\Lib\site-packages\urllib3\connection.py:219: NewConnectionError

The above exception was the direct cause of the following exception:

self = <requests.adapters.HTTPAdapter object at 0x0000017132351010>
request = <PreparedRequest [GET]>, stream = False
timeout = Timeout(connect=None, read=None, total=None), verify = True
cert = None, proxies = OrderedDict()

    def send(
        self, request, stream=False, timeout=None, verify=True, cert=None, proxies=None
    ):
        """Sends PreparedRequest object. Returns Response object.
    
        :param request: The :class:`PreparedRequest <PreparedRequest>` being sent.
        :param stream: (optional) Whether to stream the request content.
        :param timeout: (optional) How long to wait for the server to send
            data before giving up, as a float, or a :ref:`(connect timeout,
            read timeout) <timeouts>` tuple.
        :type timeout: float or tuple or urllib3 Timeout object
        :param verify: (optional) Either a boolean, in which case it controls whether
            we verify the server's TLS certificate, or a string, in which case it
            must be a path to a CA bundle to use
        :param cert: (optional) Any user-provided SSL certificate to be trusted.
        :param proxies: (optional) The proxies dictionary to apply to the request.
        :rtype: requests.Response
        """
    
        try:
            conn = self.get_connection_with_tls_context(
                request, verify, proxies=proxies, cert=cert
            )
        except LocationValueError as e:
            raise InvalidURL(e, request=request)
    
        self.cert_verify(conn, request.url, verify, cert)
        url = self.request_url(request, proxies)
        self.add_headers(
            request,
            stream=stream,
            timeout=timeout,
            verify=verify,
            cert=cert,
            proxies=proxies,
        )
    
        chunked = not (request.body is None or "Content-Length" in request.headers)
    
        if isinstance(timeout, tuple):
            try:
                connect, read = timeout
                timeout = TimeoutSauce(connect=connect, read=read)
            except ValueError:
                raise ValueError(
                    f"Invalid timeout {timeout}. Pass a (connect, read) timeout tuple, "
                    f"or a single float to set both timeouts to the same value."
                )
        elif isinstance(timeout, TimeoutSauce):
            pass
        else:
            timeout = TimeoutSauce(connect=timeout, read=timeout)
    
        try:
>           resp = conn.urlopen(
                method=request.method,
                url=url,
                body=request.body,
                headers=request.headers,
                redirect=False,
                assert_same_host=False,
                preload_content=False,
                decode_content=False,
                retries=self.max_retries,
                timeout=timeout,
                chunked=chunked,
            )

.venv\Lib\site-packages\requests\adapters.py:644: 
_ _ _ _ _ _ _ _ _ _ _ _ _ _ _ _ _ _ _ _ _ _ _ _ _ _ _ _ _ _ _ _ _ _ _ _ _ _ _ _

self = <urllib3.connectionpool.HTTPConnectionPool object at 0x0000017132734E90>
method = 'GET', url = '/health', body = None
headers = {'User-Agent': 'python-requests/2.32.5', 'Accept-Encoding': 'gzip, deflate', 'Accept': '*/*', 'Connection': 'keep-alive'}
retries = Retry(total=0, connect=None, read=False, redirect=None, status=None)
redirect = False, assert_same_host = False
timeout = Timeout(connect=None, read=None, total=None), pool_timeout = None
release_conn = False, chunked = False, body_pos = None, preload_content = False
decode_content = False, response_kw = {}
parsed_url = Url(scheme=None, auth=None, host=None, port=None, path='/health', query=None, fragment=None)
destination_scheme = None, conn = None, release_this_conn = True
http_tunnel_required = False, err = None, clean_exit = False

    def urlopen(  # type: ignore[override]
        self,
        method: str,
        url: str,
        body: _TYPE_BODY | None = None,
        headers: typing.Mapping[str, str] | None = None,
        retries: Retry | bool | int | None = None,
        redirect: bool = True,
        assert_same_host: bool = True,
        timeout: _TYPE_TIMEOUT = _DEFAULT_TIMEOUT,
        pool_timeout: int | None = None,
        release_conn: bool | None = None,
        chunked: bool = False,
        body_pos: _TYPE_BODY_POSITION | None = None,
        preload_content: bool = True,
        decode_content: bool = True,
        **response_kw: typing.Any,
    ) -> BaseHTTPResponse:
        """
        Get a connection from the pool and perform an HTTP request. This is the
        lowest level call for making a request, so you'll need to specify all
        the raw details.
    
        .. note::
    
           More commonly, it's appropriate to use a convenience method
           such as :meth:`request`.
    
        .. note::
    
           `release_conn` will only behave as expected if
           `preload_content=False` because we want to make
           `preload_content=False` the default behaviour someday soon without
           breaking backwards compatibility.
    
        :param method:
            HTTP request method (such as GET, POST, PUT, etc.)
    
        :param url:
            The URL to perform the request on.
    
        :param body:
            Data to send in the request body, either :class:`str`, :class:`bytes`,
            an iterable of :class:`str`/:class:`bytes`, or a file-like object.
    
        :param headers:
            Dictionary of custom headers to send, such as User-Agent,
            If-None-Match, etc. If None, pool headers are used. If provided,
            these headers completely replace any pool-specific headers.
    
        :param retries:
            Configure the number of retries to allow before raising a
            :class:`~urllib3.exceptions.MaxRetryError` exception.
    
            If ``None`` (default) will retry 3 times, see ``Retry.DEFAULT``. Pass a
            :class:`~urllib3.util.retry.Retry` object for fine-grained control
            over different types of retries.
            Pass an integer number to retry connection errors that many times,
            but no other types of errors. Pass zero to never retry.
    
            If ``False``, then retries are disabled and any exception is raised
            immediately. Also, instead of raising a MaxRetryError on redirects,
            the redirect response will be returned.
    
        :type retries: :class:`~urllib3.util.retry.Retry`, False, or an int.
    
        :param redirect:
            If True, automatically handle redirects (status codes 301, 302,
            303, 307, 308). Each redirect counts as a retry. Disabling retries
            will disable redirect, too.
    
        :param assert_same_host:
            If ``True``, will make sure that the host of the pool requests is
            consistent else will raise HostChangedError. When ``False``, you can
            use the pool on an HTTP proxy and request foreign hosts.
    
        :param timeout:
            If specified, overrides the default timeout for this one
            request. It may be a float (in seconds) or an instance of
            :class:`urllib3.util.Timeout`.
    
        :param pool_timeout:
            If set and the pool is set to block=True, then this method will
            block for ``pool_timeout`` seconds and raise EmptyPoolError if no
            connection is available within the time period.
    
        :param bool preload_content:
            If True, the response's body will be preloaded into memory.
    
        :param bool decode_content:
            If True, will attempt to decode the body based on the
            'content-encoding' header.
    
        :param release_conn:
            If False, then the urlopen call will not release the connection
            back into the pool once a response is received (but will release if
            you read the entire contents of the response such as when
            `preload_content=True`). This is useful if you're not preloading
            the response's content immediately. You will need to call
            ``r.release_conn()`` on the response ``r`` to return the connection
            back into the pool. If None, it takes the value of ``preload_content``
            which defaults to ``True``.
    
        :param bool chunked:
            If True, urllib3 will send the body using chunked transfer
            encoding. Otherwise, urllib3 will send the body using the standard
            content-length form. Defaults to False.
    
        :param int body_pos:
            Position to seek to in file-like body in the event of a retry or
            redirect. Typically this won't need to be set because urllib3 will
            auto-populate the value when needed.
        """
        parsed_url = parse_url(url)
        destination_scheme = parsed_url.scheme
    
        if headers is None:
            headers = self.headers
    
        if not isinstance(retries, Retry):
            retries = Retry.from_int(retries, redirect=redirect, default=self.retries)
    
        if release_conn is None:
            release_conn = preload_content
    
        # Check host
        if assert_same_host and not self.is_same_host(url):
            raise HostChangedError(self, url, retries)
    
        # Ensure that the URL we're connecting to is properly encoded
        if url.startswith("/"):
            url = to_str(_encode_target(url))
        else:
            url = to_str(parsed_url.url)
    
        conn = None
    
        # Track whether `conn` needs to be released before
        # returning/raising/recursing. Update this variable if necessary, and
        # leave `release_conn` constant throughout the function. That way, if
        # the function recurses, the original value of `release_conn` will be
        # passed down into the recursive call, and its value will be respected.
        #
        # See issue #651 [1] for details.
        #
        # [1] <https://github.com/urllib3/urllib3/issues/651>
        release_this_conn = release_conn
    
        http_tunnel_required = connection_requires_http_tunnel(
            self.proxy, self.proxy_config, destination_scheme
        )
    
        # Merge the proxy headers. Only done when not using HTTP CONNECT. We
        # have to copy the headers dict so we can safely change it without those
        # changes being reflected in anyone else's copy.
        if not http_tunnel_required:
            headers = headers.copy()  # type: ignore[attr-defined]
            headers.update(self.proxy_headers)  # type: ignore[union-attr]
    
        # Must keep the exception bound to a separate variable or else Python 3
        # complains about UnboundLocalError.
        err = None
    
        # Keep track of whether we cleanly exited the except block. This
        # ensures we do proper cleanup in finally.
        clean_exit = False
    
        # Rewind body position, if needed. Record current position
        # for future rewinds in the event of a redirect/retry.
        body_pos = set_file_position(body, body_pos)
    
        try:
            # Request a connection from the queue.
            timeout_obj = self._get_timeout(timeout)
            conn = self._get_conn(timeout=pool_timeout)
    
            conn.timeout = timeout_obj.connect_timeout  # type: ignore[assignment]
    
            # Is this a closed/new connection that requires CONNECT tunnelling?
            if self.proxy is not None and http_tunnel_required and conn.is_closed:
                try:
                    self._prepare_proxy(conn)
                except (BaseSSLError, OSError, SocketTimeout) as e:
                    self._raise_timeout(
                        err=e, url=self.proxy.url, timeout_value=conn.timeout
                    )
                    raise
    
            # If we're going to release the connection in ``finally:``, then
            # the response doesn't need to know about the connection. Otherwise
            # it will also try to release it and we'll have a double-release
            # mess.
            response_conn = conn if not release_conn else None
    
            # Make the request on the HTTPConnection object
            response = self._make_request(
                conn,
                method,
                url,
                timeout=timeout_obj,
                body=body,
                headers=headers,
                chunked=chunked,
                retries=retries,
                response_conn=response_conn,
                preload_content=preload_content,
                decode_content=decode_content,
                **response_kw,
            )
    
            # Everything went great!
            clean_exit = True
    
        except EmptyPoolError:
            # Didn't get a connection from the pool, no need to clean up
            clean_exit = True
            release_this_conn = False
            raise
    
        except (
            TimeoutError,
            HTTPException,
            OSError,
            ProtocolError,
            BaseSSLError,
            SSLError,
            CertificateError,
            ProxyError,
        ) as e:
            # Discard the connection for these exceptions. It will be
            # replaced during the next _get_conn() call.
            clean_exit = False
            new_e: Exception = e
            if isinstance(e, (BaseSSLError, CertificateError)):
                new_e = SSLError(e)
            if isinstance(
                new_e,
                (
                    OSError,
                    NewConnectionError,
                    TimeoutError,
                    SSLError,
                    HTTPException,
                ),
            ) and (conn and conn.proxy and not conn.has_connected_to_proxy):
                new_e = _wrap_proxy_error(new_e, conn.proxy.scheme)
            elif isinstance(new_e, (OSError, HTTPException)):
                new_e = ProtocolError("Connection aborted.", new_e)
    
>           retries = retries.increment(
                method, url, error=new_e, _pool=self, _stacktrace=sys.exc_info()[2]
            )

.venv\Lib\site-packages\urllib3\connectionpool.py:841: 
_ _ _ _ _ _ _ _ _ _ _ _ _ _ _ _ _ _ _ _ _ _ _ _ _ _ _ _ _ _ _ _ _ _ _ _ _ _ _ _

self = Retry(total=0, connect=None, read=False, redirect=None, status=None)
method = 'GET', url = '/health', response = None
error = NewConnectionError("HTTPConnection(host='localhost', port=8000): Failed to establish a new connection: [WinError 10061] No connection could be made because the target machine actively refused it")
_pool = <urllib3.connectionpool.HTTPConnectionPool object at 0x0000017132734E90>
_stacktrace = <traceback object at 0x000001713266F0C0>

    def increment(
        self,
        method: str | None = None,
        url: str | None = None,
        response: BaseHTTPResponse | None = None,
        error: Exception | None = None,
        _pool: ConnectionPool | None = None,
        _stacktrace: TracebackType | None = None,
    ) -> Self:
        """Return a new Retry object with incremented retry counters.
    
        :param response: A response object, or None, if the server did not
            return a response.
        :type response: :class:`~urllib3.response.BaseHTTPResponse`
        :param Exception error: An error encountered during the request, or
            None if the response was received successfully.
    
        :return: A new ``Retry`` object.
        """
        if self.total is False and error:
            # Disabled, indicate to re-raise the error.
            raise reraise(type(error), error, _stacktrace)
    
        total = self.total
        if total is not None:
            total -= 1
    
        connect = self.connect
        read = self.read
        redirect = self.redirect
        status_count = self.status
        other = self.other
        cause = "unknown"
        status = None
        redirect_location = None
    
        if error and self._is_connection_error(error):
            # Connect retry?
            if connect is False:
                raise reraise(type(error), error, _stacktrace)
            elif connect is not None:
                connect -= 1
    
        elif error and self._is_read_error(error):
            # Read retry?
            if read is False or method is None or not self._is_method_retryable(method):
                raise reraise(type(error), error, _stacktrace)
            elif read is not None:
                read -= 1
    
        elif error:
            # Other retry?
            if other is not None:
                other -= 1
    
        elif response and response.get_redirect_location():
            # Redirect retry?
            if redirect is not None:
                redirect -= 1
            cause = "too many redirects"
            response_redirect_location = response.get_redirect_location()
            if response_redirect_location:
                redirect_location = response_redirect_location
            status = response.status
    
        else:
            # Incrementing because of a server error like a 500 in
            # status_forcelist and the given method is in the allowed_methods
            cause = ResponseError.GENERIC_ERROR
            if response and response.status:
                if status_count is not None:
                    status_count -= 1
                cause = ResponseError.SPECIFIC_ERROR.format(status_code=response.status)
                status = response.status
    
        history = self.history + (
            RequestHistory(method, url, error, status, redirect_location),
        )
    
        new_retry = self.new(
            total=total,
            connect=connect,
            read=read,
            redirect=redirect,
            status=status_count,
            other=other,
            history=history,
        )
    
        if new_retry.is_exhausted():
            reason = error or ResponseError(cause)
>           raise MaxRetryError(_pool, url, reason) from reason  # type: ignore[arg-type]
            ^^^^^^^^^^^^^^^^^^^^^^^^^^^^^^^^^^^^^^^^^^^^^^^^^^^
E           urllib3.exceptions.MaxRetryError: HTTPConnectionPool(host='localhost', port=8000): Max retries exceeded with url: /health (Caused by NewConnectionError("HTTPConnection(host='localhost', port=8000): Failed to establish a new connection: [WinError 10061] No connection could be made because the target machine actively refused it"))

.venv\Lib\site-packages\urllib3\util\retry.py:535: MaxRetryError

During handling of the above exception, another exception occurred:

    def test_health():
        """Test health endpoint."""
        print("\n" + "=" * 50)
        print("Testing Health Endpoint")
        print("=" * 50)
    
>       response = requests.get(f"{BASE_URL}/health")
                   ^^^^^^^^^^^^^^^^^^^^^^^^^^^^^^^^^^

scripts\test_api.py:20: 
_ _ _ _ _ _ _ _ _ _ _ _ _ _ _ _ _ _ _ _ _ _ _ _ _ _ _ _ _ _ _ _ _ _ _ _ _ _ _ _

url = 'http://localhost:8000/health', params = None, kwargs = {}

    def get(url, params=None, **kwargs):
        r"""Sends a GET request.
    
        :param url: URL for the new :class:`Request` object.
        :param params: (optional) Dictionary, list of tuples or bytes to send
            in the query string for the :class:`Request`.
        :param \*\*kwargs: Optional arguments that ``request`` takes.
        :return: :class:`Response <Response>` object
        :rtype: requests.Response
        """
    
>       return request("get", url, params=params, **kwargs)
               ^^^^^^^^^^^^^^^^^^^^^^^^^^^^^^^^^^^^^^^^^^^^

.venv\Lib\site-packages\requests\api.py:73: 
_ _ _ _ _ _ _ _ _ _ _ _ _ _ _ _ _ _ _ _ _ _ _ _ _ _ _ _ _ _ _ _ _ _ _ _ _ _ _ _

method = 'get', url = 'http://localhost:8000/health', kwargs = {'params': None}
session = <requests.sessions.Session object at 0x000001713002DC40>

    def request(method, url, **kwargs):
        """Constructs and sends a :class:`Request <Request>`.
    
        :param method: method for the new :class:`Request` object: ``GET``, ``OPTIONS``, ``HEAD``, ``POST``, ``PUT``, ``PATCH``, or ``DELETE``.
        :param url: URL for the new :class:`Request` object.
        :param params: (optional) Dictionary, list of tuples or bytes to send
            in the query string for the :class:`Request`.
        :param data: (optional) Dictionary, list of tuples, bytes, or file-like
            object to send in the body of the :class:`Request`.
        :param json: (optional) A JSON serializable Python object to send in the body of the :class:`Request`.
        :param headers: (optional) Dictionary of HTTP Headers to send with the :class:`Request`.
        :param cookies: (optional) Dict or CookieJar object to send with the :class:`Request`.
        :param files: (optional) Dictionary of ``'name': file-like-objects`` (or ``{'name': file-tuple}``) for multipart encoding upload.
            ``file-tuple`` can be a 2-tuple ``('filename', fileobj)``, 3-tuple ``('filename', fileobj, 'content_type')``
            or a 4-tuple ``('filename', fileobj, 'content_type', custom_headers)``, where ``'content_type'`` is a string
            defining the content type of the given file and ``custom_headers`` a dict-like object containing additional headers
            to add for the file.
        :param auth: (optional) Auth tuple to enable Basic/Digest/Custom HTTP Auth.
        :param timeout: (optional) How many seconds to wait for the server to send data
            before giving up, as a float, or a :ref:`(connect timeout, read
            timeout) <timeouts>` tuple.
        :type timeout: float or tuple
        :param allow_redirects: (optional) Boolean. Enable/disable GET/OPTIONS/POST/PUT/PATCH/DELETE/HEAD redirection. Defaults to ``True``.
        :type allow_redirects: bool
        :param proxies: (optional) Dictionary mapping protocol to the URL of the proxy.
        :param verify: (optional) Either a boolean, in which case it controls whether we verify
                the server's TLS certificate, or a string, in which case it must be a path
                to a CA bundle to use. Defaults to ``True``.
        :param stream: (optional) if ``False``, the response content will be immediately downloaded.
        :param cert: (optional) if String, path to ssl client cert file (.pem). If Tuple, ('cert', 'key') pair.
        :return: :class:`Response <Response>` object
        :rtype: requests.Response
    
        Usage::
    
          >>> import requests
          >>> req = requests.request('GET', 'https://httpbin.org/get')
          >>> req
          <Response [200]>
        """
    
        # By using the 'with' statement we are sure the session is closed, thus we
        # avoid leaving sockets open which can trigger a ResourceWarning in some
        # cases, and look like a memory leak in others.
        with sessions.Session() as session:
>           return session.request(method=method, url=url, **kwargs)
                   ^^^^^^^^^^^^^^^^^^^^^^^^^^^^^^^^^^^^^^^^^^^^^^^^^

.venv\Lib\site-packages\requests\api.py:59: 
_ _ _ _ _ _ _ _ _ _ _ _ _ _ _ _ _ _ _ _ _ _ _ _ _ _ _ _ _ _ _ _ _ _ _ _ _ _ _ _

self = <requests.sessions.Session object at 0x000001713002DC40>, method = 'get'
url = 'http://localhost:8000/health', params = None, data = None, headers = None
cookies = None, files = None, auth = None, timeout = None
allow_redirects = True, proxies = {}, hooks = None, stream = None, verify = None
cert = None, json = None

    def request(
        self,
        method,
        url,
        params=None,
        data=None,
        headers=None,
        cookies=None,
        files=None,
        auth=None,
        timeout=None,
        allow_redirects=True,
        proxies=None,
        hooks=None,
        stream=None,
        verify=None,
        cert=None,
        json=None,
    ):
        """Constructs a :class:`Request <Request>`, prepares it and sends it.
        Returns :class:`Response <Response>` object.
    
        :param method: method for the new :class:`Request` object.
        :param url: URL for the new :class:`Request` object.
        :param params: (optional) Dictionary or bytes to be sent in the query
            string for the :class:`Request`.
        :param data: (optional) Dictionary, list of tuples, bytes, or file-like
            object to send in the body of the :class:`Request`.
        :param json: (optional) json to send in the body of the
            :class:`Request`.
        :param headers: (optional) Dictionary of HTTP Headers to send with the
            :class:`Request`.
        :param cookies: (optional) Dict or CookieJar object to send with the
            :class:`Request`.
        :param files: (optional) Dictionary of ``'filename': file-like-objects``
            for multipart encoding upload.
        :param auth: (optional) Auth tuple or callable to enable
            Basic/Digest/Custom HTTP Auth.
        :param timeout: (optional) How many seconds to wait for the server to send
            data before giving up, as a float, or a :ref:`(connect timeout,
            read timeout) <timeouts>` tuple.
        :type timeout: float or tuple
        :param allow_redirects: (optional) Set to True by default.
        :type allow_redirects: bool
        :param proxies: (optional) Dictionary mapping protocol or protocol and
            hostname to the URL of the proxy.
        :param hooks: (optional) Dictionary mapping hook name to one event or
            list of events, event must be callable.
        :param stream: (optional) whether to immediately download the response
            content. Defaults to ``False``.
        :param verify: (optional) Either a boolean, in which case it controls whether we verify
            the server's TLS certificate, or a string, in which case it must be a path
            to a CA bundle to use. Defaults to ``True``. When set to
            ``False``, requests will accept any TLS certificate presented by
            the server, and will ignore hostname mismatches and/or expired
            certificates, which will make your application vulnerable to
            man-in-the-middle (MitM) attacks. Setting verify to ``False``
            may be useful during local development or testing.
        :param cert: (optional) if String, path to ssl client cert file (.pem).
            If Tuple, ('cert', 'key') pair.
        :rtype: requests.Response
        """
        # Create the Request.
        req = Request(
            method=method.upper(),
            url=url,
            headers=headers,
            files=files,
            data=data or {},
            json=json,
            params=params or {},
            auth=auth,
            cookies=cookies,
            hooks=hooks,
        )
        prep = self.prepare_request(req)
    
        proxies = proxies or {}
    
        settings = self.merge_environment_settings(
            prep.url, proxies, stream, verify, cert
        )
    
        # Send the request.
        send_kwargs = {
            "timeout": timeout,
            "allow_redirects": allow_redirects,
        }
        send_kwargs.update(settings)
>       resp = self.send(prep, **send_kwargs)
               ^^^^^^^^^^^^^^^^^^^^^^^^^^^^^^

.venv\Lib\site-packages\requests\sessions.py:589: 
_ _ _ _ _ _ _ _ _ _ _ _ _ _ _ _ _ _ _ _ _ _ _ _ _ _ _ _ _ _ _ _ _ _ _ _ _ _ _ _

self = <requests.sessions.Session object at 0x000001713002DC40>
request = <PreparedRequest [GET]>
kwargs = {'cert': None, 'proxies': OrderedDict(), 'stream': False, 'timeout': None, ...}
allow_redirects = True, stream = False, hooks = {'response': []}
adapter = <requests.adapters.HTTPAdapter object at 0x0000017132351010>
start = 218008.2528724

    def send(self, request, **kwargs):
        """Send a given PreparedRequest.
    
        :rtype: requests.Response
        """
        # Set defaults that the hooks can utilize to ensure they always have
        # the correct parameters to reproduce the previous request.
        kwargs.setdefault("stream", self.stream)
        kwargs.setdefault("verify", self.verify)
        kwargs.setdefault("cert", self.cert)
        if "proxies" not in kwargs:
            kwargs["proxies"] = resolve_proxies(request, self.proxies, self.trust_env)
    
        # It's possible that users might accidentally send a Request object.
        # Guard against that specific failure case.
        if isinstance(request, Request):
            raise ValueError("You can only send PreparedRequests.")
    
        # Set up variables needed for resolve_redirects and dispatching of hooks
        allow_redirects = kwargs.pop("allow_redirects", True)
        stream = kwargs.get("stream")
        hooks = request.hooks
    
        # Get the appropriate adapter to use
        adapter = self.get_adapter(url=request.url)
    
        # Start time (approximately) of the request
        start = preferred_clock()
    
        # Send the request
>       r = adapter.send(request, **kwargs)
            ^^^^^^^^^^^^^^^^^^^^^^^^^^^^^^^

.venv\Lib\site-packages\requests\sessions.py:703: 
_ _ _ _ _ _ _ _ _ _ _ _ _ _ _ _ _ _ _ _ _ _ _ _ _ _ _ _ _ _ _ _ _ _ _ _ _ _ _ _

self = <requests.adapters.HTTPAdapter object at 0x0000017132351010>
request = <PreparedRequest [GET]>, stream = False
timeout = Timeout(connect=None, read=None, total=None), verify = True
cert = None, proxies = OrderedDict()

    def send(
        self, request, stream=False, timeout=None, verify=True, cert=None, proxies=None
    ):
        """Sends PreparedRequest object. Returns Response object.
    
        :param request: The :class:`PreparedRequest <PreparedRequest>` being sent.
        :param stream: (optional) Whether to stream the request content.
        :param timeout: (optional) How long to wait for the server to send
            data before giving up, as a float, or a :ref:`(connect timeout,
            read timeout) <timeouts>` tuple.
        :type timeout: float or tuple or urllib3 Timeout object
        :param verify: (optional) Either a boolean, in which case it controls whether
            we verify the server's TLS certificate, or a string, in which case it
            must be a path to a CA bundle to use
        :param cert: (optional) Any user-provided SSL certificate to be trusted.
        :param proxies: (optional) The proxies dictionary to apply to the request.
        :rtype: requests.Response
        """
    
        try:
            conn = self.get_connection_with_tls_context(
                request, verify, proxies=proxies, cert=cert
            )
        except LocationValueError as e:
            raise InvalidURL(e, request=request)
    
        self.cert_verify(conn, request.url, verify, cert)
        url = self.request_url(request, proxies)
        self.add_headers(
            request,
            stream=stream,
            timeout=timeout,
            verify=verify,
            cert=cert,
            proxies=proxies,
        )
    
        chunked = not (request.body is None or "Content-Length" in request.headers)
    
        if isinstance(timeout, tuple):
            try:
                connect, read = timeout
                timeout = TimeoutSauce(connect=connect, read=read)
            except ValueError:
                raise ValueError(
                    f"Invalid timeout {timeout}. Pass a (connect, read) timeout tuple, "
                    f"or a single float to set both timeouts to the same value."
                )
        elif isinstance(timeout, TimeoutSauce):
            pass
        else:
            timeout = TimeoutSauce(connect=timeout, read=timeout)
    
        try:
            resp = conn.urlopen(
                method=request.method,
                url=url,
                body=request.body,
                headers=request.headers,
                redirect=False,
                assert_same_host=False,
                preload_content=False,
                decode_content=False,
                retries=self.max_retries,
                timeout=timeout,
                chunked=chunked,
            )
    
        except (ProtocolError, OSError) as err:
            raise ConnectionError(err, request=request)
    
        except MaxRetryError as e:
            if isinstance(e.reason, ConnectTimeoutError):
                # TODO: Remove this in 3.0.0: see #2811
                if not isinstance(e.reason, NewConnectionError):
                    raise ConnectTimeout(e, request=request)
    
            if isinstance(e.reason, ResponseError):
                raise RetryError(e, request=request)
    
            if isinstance(e.reason, _ProxyError):
                raise ProxyError(e, request=request)
    
            if isinstance(e.reason, _SSLError):
                # This branch is for urllib3 v1.22 and later.
                raise SSLError(e, request=request)
    
>           raise ConnectionError(e, request=request)
E           requests.exceptions.ConnectionError: HTTPConnectionPool(host='localhost', port=8000): Max retries exceeded with url: /health (Caused by NewConnectionError("HTTPConnection(host='localhost', port=8000): Failed to establish a new connection: [WinError 10061] No connection could be made because the target machine actively refused it"))

.venv\Lib\site-packages\requests\adapters.py:677: ConnectionError
---------------------------- Captured stdout call -----------------------------

==================================================
Testing Health Endpoint
==================================================
_______________________________ test_readiness ________________________________

self = <HTTPConnection(host='localhost', port=8000) at 0x171326c16a0>

    def _new_conn(self) -> socket.socket:
        """Establish a socket connection and set nodelay settings on it.
    
        :return: New socket connection.
        """
        try:
>           sock = connection.create_connection(
                (self._dns_host, self.port),
                self.timeout,
                source_address=self.source_address,
                socket_options=self.socket_options,
            )

.venv\Lib\site-packages\urllib3\connection.py:204: 
_ _ _ _ _ _ _ _ _ _ _ _ _ _ _ _ _ _ _ _ _ _ _ _ _ _ _ _ _ _ _ _ _ _ _ _ _ _ _ _

address = ('localhost', 8000), timeout = None, source_address = None
socket_options = [(6, 1, 1)]

    def create_connection(
        address: tuple[str, int],
        timeout: _TYPE_TIMEOUT = _DEFAULT_TIMEOUT,
        source_address: tuple[str, int] | None = None,
        socket_options: _TYPE_SOCKET_OPTIONS | None = None,
    ) -> socket.socket:
        """Connect to *address* and return the socket object.
    
        Convenience function.  Connect to *address* (a 2-tuple ``(host,
        port)``) and return the socket object.  Passing the optional
        *timeout* parameter will set the timeout on the socket instance
        before attempting to connect.  If no *timeout* is supplied, the
        global default timeout setting returned by :func:`socket.getdefaulttimeout`
        is used.  If *source_address* is set it must be a tuple of (host, port)
        for the socket to bind as a source address before making the connection.
        An host of '' or port 0 tells the OS to use the default.
        """
    
        host, port = address
        if host.startswith("["):
            host = host.strip("[]")
        err = None
    
        # Using the value from allowed_gai_family() in the context of getaddrinfo lets
        # us select whether to work with IPv4 DNS records, IPv6 records, or both.
        # The original create_connection function always returns all records.
        family = allowed_gai_family()
    
        try:
            host.encode("idna")
        except UnicodeError:
            raise LocationParseError(f"'{host}', label empty or too long") from None
    
        for res in socket.getaddrinfo(host, port, family, socket.SOCK_STREAM):
            af, socktype, proto, canonname, sa = res
            sock = None
            try:
                sock = socket.socket(af, socktype, proto)
    
                # If provided, set socket level options before connecting.
                _set_socket_options(sock, socket_options)
    
                if timeout is not _DEFAULT_TIMEOUT:
                    sock.settimeout(timeout)
                if source_address:
                    sock.bind(source_address)
                sock.connect(sa)
                # Break explicitly a reference cycle
                err = None
                return sock
    
            except OSError as _:
                err = _
                if sock is not None:
                    sock.close()
    
        if err is not None:
            try:
>               raise err

.venv\Lib\site-packages\urllib3\util\connection.py:85: 
_ _ _ _ _ _ _ _ _ _ _ _ _ _ _ _ _ _ _ _ _ _ _ _ _ _ _ _ _ _ _ _ _ _ _ _ _ _ _ _

address = ('localhost', 8000), timeout = None, source_address = None
socket_options = [(6, 1, 1)]

    def create_connection(
        address: tuple[str, int],
        timeout: _TYPE_TIMEOUT = _DEFAULT_TIMEOUT,
        source_address: tuple[str, int] | None = None,
        socket_options: _TYPE_SOCKET_OPTIONS | None = None,
    ) -> socket.socket:
        """Connect to *address* and return the socket object.
    
        Convenience function.  Connect to *address* (a 2-tuple ``(host,
        port)``) and return the socket object.  Passing the optional
        *timeout* parameter will set the timeout on the socket instance
        before attempting to connect.  If no *timeout* is supplied, the
        global default timeout setting returned by :func:`socket.getdefaulttimeout`
        is used.  If *source_address* is set it must be a tuple of (host, port)
        for the socket to bind as a source address before making the connection.
        An host of '' or port 0 tells the OS to use the default.
        """
    
        host, port = address
        if host.startswith("["):
            host = host.strip("[]")
        err = None
    
        # Using the value from allowed_gai_family() in the context of getaddrinfo lets
        # us select whether to work with IPv4 DNS records, IPv6 records, or both.
        # The original create_connection function always returns all records.
        family = allowed_gai_family()
    
        try:
            host.encode("idna")
        except UnicodeError:
            raise LocationParseError(f"'{host}', label empty or too long") from None
    
        for res in socket.getaddrinfo(host, port, family, socket.SOCK_STREAM):
            af, socktype, proto, canonname, sa = res
            sock = None
            try:
                sock = socket.socket(af, socktype, proto)
    
                # If provided, set socket level options before connecting.
                _set_socket_options(sock, socket_options)
    
                if timeout is not _DEFAULT_TIMEOUT:
                    sock.settimeout(timeout)
                if source_address:
                    sock.bind(source_address)
>               sock.connect(sa)
E               ConnectionRefusedError: [WinError 10061] No connection could be made because the target machine actively refused it

.venv\Lib\site-packages\urllib3\util\connection.py:73: ConnectionRefusedError

The above exception was the direct cause of the following exception:

self = <urllib3.connectionpool.HTTPConnectionPool object at 0x00000171326C1790>
method = 'GET', url = '/health/ready', body = None
headers = {'User-Agent': 'python-requests/2.32.5', 'Accept-Encoding': 'gzip, deflate', 'Accept': '*/*', 'Connection': 'keep-alive'}
retries = Retry(total=0, connect=None, read=False, redirect=None, status=None)
redirect = False, assert_same_host = False
timeout = Timeout(connect=None, read=None, total=None), pool_timeout = None
release_conn = False, chunked = False, body_pos = None, preload_content = False
decode_content = False, response_kw = {}
parsed_url = Url(scheme=None, auth=None, host=None, port=None, path='/health/ready', query=None, fragment=None)
destination_scheme = None, conn = None, release_this_conn = True
http_tunnel_required = False, err = None, clean_exit = False

    def urlopen(  # type: ignore[override]
        self,
        method: str,
        url: str,
        body: _TYPE_BODY | None = None,
        headers: typing.Mapping[str, str] | None = None,
        retries: Retry | bool | int | None = None,
        redirect: bool = True,
        assert_same_host: bool = True,
        timeout: _TYPE_TIMEOUT = _DEFAULT_TIMEOUT,
        pool_timeout: int | None = None,
        release_conn: bool | None = None,
        chunked: bool = False,
        body_pos: _TYPE_BODY_POSITION | None = None,
        preload_content: bool = True,
        decode_content: bool = True,
        **response_kw: typing.Any,
    ) -> BaseHTTPResponse:
        """
        Get a connection from the pool and perform an HTTP request. This is the
        lowest level call for making a request, so you'll need to specify all
        the raw details.
    
        .. note::
    
           More commonly, it's appropriate to use a convenience method
           such as :meth:`request`.
    
        .. note::
    
           `release_conn` will only behave as expected if
           `preload_content=False` because we want to make
           `preload_content=False` the default behaviour someday soon without
           breaking backwards compatibility.
    
        :param method:
            HTTP request method (such as GET, POST, PUT, etc.)
    
        :param url:
            The URL to perform the request on.
    
        :param body:
            Data to send in the request body, either :class:`str`, :class:`bytes`,
            an iterable of :class:`str`/:class:`bytes`, or a file-like object.
    
        :param headers:
            Dictionary of custom headers to send, such as User-Agent,
            If-None-Match, etc. If None, pool headers are used. If provided,
            these headers completely replace any pool-specific headers.
    
        :param retries:
            Configure the number of retries to allow before raising a
            :class:`~urllib3.exceptions.MaxRetryError` exception.
    
            If ``None`` (default) will retry 3 times, see ``Retry.DEFAULT``. Pass a
            :class:`~urllib3.util.retry.Retry` object for fine-grained control
            over different types of retries.
            Pass an integer number to retry connection errors that many times,
            but no other types of errors. Pass zero to never retry.
    
            If ``False``, then retries are disabled and any exception is raised
            immediately. Also, instead of raising a MaxRetryError on redirects,
            the redirect response will be returned.
    
        :type retries: :class:`~urllib3.util.retry.Retry`, False, or an int.
    
        :param redirect:
            If True, automatically handle redirects (status codes 301, 302,
            303, 307, 308). Each redirect counts as a retry. Disabling retries
            will disable redirect, too.
    
        :param assert_same_host:
            If ``True``, will make sure that the host of the pool requests is
            consistent else will raise HostChangedError. When ``False``, you can
            use the pool on an HTTP proxy and request foreign hosts.
    
        :param timeout:
            If specified, overrides the default timeout for this one
            request. It may be a float (in seconds) or an instance of
            :class:`urllib3.util.Timeout`.
    
        :param pool_timeout:
            If set and the pool is set to block=True, then this method will
            block for ``pool_timeout`` seconds and raise EmptyPoolError if no
            connection is available within the time period.
    
        :param bool preload_content:
            If True, the response's body will be preloaded into memory.
    
        :param bool decode_content:
            If True, will attempt to decode the body based on the
            'content-encoding' header.
    
        :param release_conn:
            If False, then the urlopen call will not release the connection
            back into the pool once a response is received (but will release if
            you read the entire contents of the response such as when
            `preload_content=True`). This is useful if you're not preloading
            the response's content immediately. You will need to call
            ``r.release_conn()`` on the response ``r`` to return the connection
            back into the pool. If None, it takes the value of ``preload_content``
            which defaults to ``True``.
    
        :param bool chunked:
            If True, urllib3 will send the body using chunked transfer
            encoding. Otherwise, urllib3 will send the body using the standard
            content-length form. Defaults to False.
    
        :param int body_pos:
            Position to seek to in file-like body in the event of a retry or
            redirect. Typically this won't need to be set because urllib3 will
            auto-populate the value when needed.
        """
        parsed_url = parse_url(url)
        destination_scheme = parsed_url.scheme
    
        if headers is None:
            headers = self.headers
    
        if not isinstance(retries, Retry):
            retries = Retry.from_int(retries, redirect=redirect, default=self.retries)
    
        if release_conn is None:
            release_conn = preload_content
    
        # Check host
        if assert_same_host and not self.is_same_host(url):
            raise HostChangedError(self, url, retries)
    
        # Ensure that the URL we're connecting to is properly encoded
        if url.startswith("/"):
            url = to_str(_encode_target(url))
        else:
            url = to_str(parsed_url.url)
    
        conn = None
    
        # Track whether `conn` needs to be released before
        # returning/raising/recursing. Update this variable if necessary, and
        # leave `release_conn` constant throughout the function. That way, if
        # the function recurses, the original value of `release_conn` will be
        # passed down into the recursive call, and its value will be respected.
        #
        # See issue #651 [1] for details.
        #
        # [1] <https://github.com/urllib3/urllib3/issues/651>
        release_this_conn = release_conn
    
        http_tunnel_required = connection_requires_http_tunnel(
            self.proxy, self.proxy_config, destination_scheme
        )
    
        # Merge the proxy headers. Only done when not using HTTP CONNECT. We
        # have to copy the headers dict so we can safely change it without those
        # changes being reflected in anyone else's copy.
        if not http_tunnel_required:
            headers = headers.copy()  # type: ignore[attr-defined]
            headers.update(self.proxy_headers)  # type: ignore[union-attr]
    
        # Must keep the exception bound to a separate variable or else Python 3
        # complains about UnboundLocalError.
        err = None
    
        # Keep track of whether we cleanly exited the except block. This
        # ensures we do proper cleanup in finally.
        clean_exit = False
    
        # Rewind body position, if needed. Record current position
        # for future rewinds in the event of a redirect/retry.
        body_pos = set_file_position(body, body_pos)
    
        try:
            # Request a connection from the queue.
            timeout_obj = self._get_timeout(timeout)
            conn = self._get_conn(timeout=pool_timeout)
    
            conn.timeout = timeout_obj.connect_timeout  # type: ignore[assignment]
    
            # Is this a closed/new connection that requires CONNECT tunnelling?
            if self.proxy is not None and http_tunnel_required and conn.is_closed:
                try:
                    self._prepare_proxy(conn)
                except (BaseSSLError, OSError, SocketTimeout) as e:
                    self._raise_timeout(
                        err=e, url=self.proxy.url, timeout_value=conn.timeout
                    )
                    raise
    
            # If we're going to release the connection in ``finally:``, then
            # the response doesn't need to know about the connection. Otherwise
            # it will also try to release it and we'll have a double-release
            # mess.
            response_conn = conn if not release_conn else None
    
            # Make the request on the HTTPConnection object
>           response = self._make_request(
                conn,
                method,
                url,
                timeout=timeout_obj,
                body=body,
                headers=headers,
                chunked=chunked,
                retries=retries,
                response_conn=response_conn,
                preload_content=preload_content,
                decode_content=decode_content,
                **response_kw,
            )

.venv\Lib\site-packages\urllib3\connectionpool.py:787: 
_ _ _ _ _ _ _ _ _ _ _ _ _ _ _ _ _ _ _ _ _ _ _ _ _ _ _ _ _ _ _ _ _ _ _ _ _ _ _ _

self = <urllib3.connectionpool.HTTPConnectionPool object at 0x00000171326C1790>
conn = <HTTPConnection(host='localhost', port=8000) at 0x171326c16a0>
method = 'GET', url = '/health/ready', body = None
headers = {'User-Agent': 'python-requests/2.32.5', 'Accept-Encoding': 'gzip, deflate', 'Accept': '*/*', 'Connection': 'keep-alive'}
retries = Retry(total=0, connect=None, read=False, redirect=None, status=None)
[...]
        """
        if self.total is False and error:
            # Disabled, indicate to re-raise the error.
            raise reraise(type(error), error, _stacktrace)
    
        total = self.total
        if total is not None:
            total -= 1
    
        connect = self.connect
        read = self.read
        redirect = self.redirect
        status_count = self.status
        other = self.other
        cause = "unknown"
        status = None
        redirect_location = None
    
        if error and self._is_connection_error(error):
            # Connect retry?
            if connect is False:
                raise reraise(type(error), error, _stacktrace)
            elif connect is not None:
                connect -= 1
    
        elif error and self._is_read_error(error):
            # Read retry?
            if read is False or method is None or not self._is_method_retryable(method):
                raise reraise(type(error), error, _stacktrace)
            elif read is not None:
                read -= 1
    
        elif error:
            # Other retry?
            if other is not None:
                other -= 1
    
        elif response and response.get_redirect_location():
            # Redirect retry?
            if redirect is not None:
                redirect -= 1
            cause = "too many redirects"
            response_redirect_location = response.get_redirect_location()
            if response_redirect_location:
                redirect_location = response_redirect_location
            status = response.status
    
        else:
            # Incrementing because of a server error like a 500 in
            # status_forcelist and the given method is in the allowed_methods
            cause = ResponseError.GENERIC_ERROR
            if response and response.status:
                if status_count is not None:
                    status_count -= 1
                cause = ResponseError.SPECIFIC_ERROR.format(status_code=response.status)
                status = response.status
    
        history = self.history + (
            RequestHistory(method, url, error, status, redirect_location),
        )
    
        new_retry = self.new(
            total=total,
            connect=connect,
            read=read,
            redirect=redirect,
            status=status_count,
            other=other,
            history=history,
        )
    
        if new_retry.is_exhausted():
            reason = error or ResponseError(cause)
>           raise MaxRetryError(_pool, url, reason) from reason  # type: ignore[arg-type]
            ^^^^^^^^^^^^^^^^^^^^^^^^^^^^^^^^^^^^^^^^^^^^^^^^^^^
E           urllib3.exceptions.MaxRetryError: HTTPConnectionPool(host='localhost', port=8000): Max retries exceeded with url: /webhook?hub.mode=subscribe&hub.verify_token=test_token&hub.challenge=test_challenge (Caused by NewConnectionError("HTTPConnection(host='localhost', port=8000): Failed to establish a new connection: [WinError 10061] No connection could be made because the target machine actively refused it"))

.venv\Lib\site-packages\urllib3\util\retry.py:535: MaxRetryError

During handling of the above exception, another exception occurred:

    def test_webhook_verification():
        """Test webhook verification endpoint."""
        print("\n" + "=" * 50)
        print("Testing Webhook Verification")
        print("=" * 50)
    
        params = {
            "hub.mode": "subscribe",
            "hub.verify_token": "test_token",  # Should match .env
            "hub.challenge": "test_challenge"
        }
    
>       response = requests.get(f"{BASE_URL}/webhook", params=params)
                   ^^^^^^^^^^^^^^^^^^^^^^^^^^^^^^^^^^^^^^^^^^^^^^^^^^

scripts\test_api.py:70: 
_ _ _ _ _ _ _ _ _ _ _ _ _ _ _ _ _ _ _ _ _ _ _ _ _ _ _ _ _ _ _ _ _ _ _ _ _ _ _ _

url = 'http://localhost:8000/webhook'
params = {'hub.challenge': 'test_challenge', 'hub.mode': 'subscribe', 'hub.verify_token': 'test_token'}
kwargs = {}

    def get(url, params=None, **kwargs):
        r"""Sends a GET request.
    
        :param url: URL for the new :class:`Request` object.
        :param params: (optional) Dictionary, list of tuples or bytes to send
            in the query string for the :class:`Request`.
        :param \*\*kwargs: Optional arguments that ``request`` takes.
        :return: :class:`Response <Response>` object
        :rtype: requests.Response
        """
    
>       return request("get", url, params=params, **kwargs)
               ^^^^^^^^^^^^^^^^^^^^^^^^^^^^^^^^^^^^^^^^^^^^

.venv\Lib\site-packages\requests\api.py:73: 
_ _ _ _ _ _ _ _ _ _ _ _ _ _ _ _ _ _ _ _ _ _ _ _ _ _ _ _ _ _ _ _ _ _ _ _ _ _ _ _

method = 'get', url = 'http://localhost:8000/webhook'
kwargs = {'params': {'hub.challenge': 'test_challenge', 'hub.mode': 'subscribe', 'hub.verify_token': 'test_token'}}
session = <requests.sessions.Session object at 0x000001713289F380>

    def request(method, url, **kwargs):
        """Constructs and sends a :class:`Request <Request>`.
    
        :param method: method for the new :class:`Request` object: ``GET``, ``OPTIONS``, ``HEAD``, ``POST``, ``PUT``, ``PATCH``, or ``DELETE``.
        :param url: URL for the new :class:`Request` object.
        :param params: (optional) Dictionary, list of tuples or bytes to send
            in the query string for the :class:`Request`.
        :param data: (optional) Dictionary, list of tuples, bytes, or file-like
            object to send in the body of the :class:`Request`.
        :param json: (optional) A JSON serializable Python object to send in the body of the :class:`Request`.
        :param headers: (optional) Dictionary of HTTP Headers to send with the :class:`Request`.
        :param cookies: (optional) Dict or CookieJar object to send with the :class:`Request`.
        :param files: (optional) Dictionary of ``'name': file-like-objects`` (or ``{'name': file-tuple}``) for multipart encoding upload.
            ``file-tuple`` can be a 2-tuple ``('filename', fileobj)``, 3-tuple ``('filename', fileobj, 'content_type')``
            or a 4-tuple ``('filename', fileobj, 'content_type', custom_headers)``, where ``'content_type'`` is a string
            defining the content type of the given file and ``custom_headers`` a dict-like object containing additional headers
            to add for the file.
        :param auth: (optional) Auth tuple to enable Basic/Digest/Custom HTTP Auth.
        :param timeout: (optional) How many seconds to wait for the server to send data
            before giving up, as a float, or a :ref:`(connect timeout, read
            timeout) <timeouts>` tuple.
        :type timeout: float or tuple
        :param allow_redirects: (optional) Boolean. Enable/disable GET/OPTIONS/POST/PUT/PATCH/DELETE/HEAD redirection. Defaults to ``True``.
        :type allow_redirects: bool
        :param proxies: (optional) Dictionary mapping protocol to the URL of the proxy.
        :param verify: (optional) Either a boolean, in which case it controls whether we verify
                the server's TLS certificate, or a string, in which case it must be a path
                to a CA bundle to use. Defaults to ``True``.
        :param stream: (optional) if ``False``, the response content will be immediately downloaded.
        :param cert: (optional) if String, path to ssl client cert file (.pem). If Tuple, ('cert', 'key') pair.
        :return: :class:`Response <Response>` object
        :rtype: requests.Response
    
        Usage::
    
          >>> import requests
          >>> req = requests.request('GET', 'https://httpbin.org/get')
          >>> req
          <Response [200]>
        """
    
        # By using the 'with' statement we are sure the session is closed, thus we
        # avoid leaving sockets open which can trigger a ResourceWarning in some
        # cases, and look like a memory leak in others.
        with sessions.Session() as session:
>           return session.request(method=method, url=url, **kwargs)
                   ^^^^^^^^^^^^^^^^^^^^^^^^^^^^^^^^^^^^^^^^^^^^^^^^^

.venv\Lib\site-packages\requests\api.py:59: 
_ _ _ _ _ _ _ _ _ _ _ _ _ _ _ _ _ _ _ _ _ _ _ _ _ _ _ _ _ _ _ _ _ _ _ _ _ _ _ _

self = <requests.sessions.Session object at 0x000001713289F380>, method = 'get'
url = 'http://localhost:8000/webhook'
params = {'hub.challenge': 'test_challenge', 'hub.mode': 'subscribe', 'hub.verify_token': 'test_token'}
data = None, headers = None, cookies = None, files = None, auth = None
timeout = None, allow_redirects = True, proxies = {}, hooks = None
stream = None, verify = None, cert = None, json = None

    def request(
        self,
        method,
        url,
        params=None,
        data=None,
        headers=None,
        cookies=None,
        files=None,
        auth=None,
        timeout=None,
        allow_redirects=True,
        proxies=None,
        hooks=None,
        stream=None,
        verify=None,
        cert=None,
        json=None,
    ):
        """Constructs a :class:`Request <Request>`, prepares it and sends it.
        Returns :class:`Response <Response>` object.
    
        :param method: method for the new :class:`Request` object.
        :param url: URL for the new :class:`Request` object.
        :param params: (optional) Dictionary or bytes to be sent in the query
            string for the :class:`Request`.
        :param data: (optional) Dictionary, list of tuples, bytes, or file-like
            object to send in the body of the :class:`Request`.
        :param json: (optional) json to send in the body of the
            :class:`Request`.
        :param headers: (optional) Dictionary of HTTP Headers to send with the
            :class:`Request`.
        :param cookies: (optional) Dict or CookieJar object to send with the
            :class:`Request`.
        :param files: (optional) Dictionary of ``'filename': file-like-objects``
            for multipart encoding upload.
        :param auth: (optional) Auth tuple or callable to enable
            Basic/Digest/Custom HTTP Auth.
        :param timeout: (optional) How many seconds to wait for the server to send
            data before giving up, as a float, or a :ref:`(connect timeout,
            read timeout) <timeouts>` tuple.
        :type timeout: float or tuple
        :param allow_redirects: (optional) Set to True by default.
        :type allow_redirects: bool
        :param proxies: (optional) Dictionary mapping protocol or protocol and
            hostname to the URL of the proxy.
        :param hooks: (optional) Dictionary mapping hook name to one event or
            list of events, event must be callable.
        :param stream: (optional) whether to immediately download the response
            content. Defaults to ``False``.
        :param verify: (optional) Either a boolean, in which case it controls whether we verify
            the server's TLS certificate, or a string, in which case it must be a path
            to a CA bundle to use. Defaults to ``True``. When set to
            ``False``, requests will accept any TLS certificate presented by
            the server, and will ignore hostname mismatches and/or expired
            certificates, which will make your application vulnerable to
            man-in-the-middle (MitM) attacks. Setting verify to ``False``
            may be useful during local development or testing.
        :param cert: (optional) if String, path to ssl client cert file (.pem).
            If Tuple, ('cert', 'key') pair.
        :rtype: requests.Response
        """
        # Create the Request.
        req = Request(
            method=method.upper(),
            url=url,
            headers=headers,
            files=files,
            data=data or {},
            json=json,
            params=params or {},
            auth=auth,
            cookies=cookies,
            hooks=hooks,
        )
        prep = self.prepare_request(req)
    
        proxies = proxies or {}
    
        settings = self.merge_environment_settings(
            prep.url, proxies, stream, verify, cert
        )
    
        # Send the request.
        send_kwargs = {
            "timeout": timeout,
            "allow_redirects": allow_redirects,
        }
        send_kwargs.update(settings)
>       resp = self.send(prep, **send_kwargs)
               ^^^^^^^^^^^^^^^^^^^^^^^^^^^^^^

.venv\Lib\site-packages\requests\sessions.py:589: 
_ _ _ _ _ _ _ _ _ _ _ _ _ _ _ _ _ _ _ _ _ _ _ _ _ _ _ _ _ _ _ _ _ _ _ _ _ _ _ _

self = <requests.sessions.Session object at 0x000001713289F380>
request = <PreparedRequest [GET]>
kwargs = {'cert': None, 'proxies': OrderedDict(), 'stream': False, 'timeout': None, ...}
allow_redirects = True, stream = False, hooks = {'response': []}
adapter = <requests.adapters.HTTPAdapter object at 0x000001713289E390>
start = 218025.792102

    def send(self, request, **kwargs):
        """Send a given PreparedRequest.
    
        :rtype: requests.Response
        """
        # Set defaults that the hooks can utilize to ensure they always have
        # the correct parameters to reproduce the previous request.
        kwargs.setdefault("stream", self.stream)
        kwargs.setdefault("verify", self.verify)
        kwargs.setdefault("cert", self.cert)
        if "proxies" not in kwargs:
            kwargs["proxies"] = resolve_proxies(request, self.proxies, self.trust_env)
    
        # It's possible that users might accidentally send a Request object.
        # Guard against that specific failure case.
        if isinstance(request, Request):
            raise ValueError("You can only send PreparedRequests.")
    
        # Set up variables needed for resolve_redirects and dispatching of hooks
        allow_redirects = kwargs.pop("allow_redirects", True)
        stream = kwargs.get("stream")
        hooks = request.hooks
    
        # Get the appropriate adapter to use
        adapter = self.get_adapter(url=request.url)
    
        # Start time (approximately) of the request
        start = preferred_clock()
    
        # Send the request
>       r = adapter.send(request, **kwargs)
            ^^^^^^^^^^^^^^^^^^^^^^^^^^^^^^^

.venv\Lib\site-packages\requests\sessions.py:703: 
_ _ _ _ _ _ _ _ _ _ _ _ _ _ _ _ _ _ _ _ _ _ _ _ _ _ _ _ _ _ _ _ _ _ _ _ _ _ _ _

self = <requests.adapters.HTTPAdapter object at 0x000001713289E390>
request = <PreparedRequest [GET]>, stream = False
timeout = Timeout(connect=None, read=None, total=None), verify = True
cert = None, proxies = OrderedDict()

    def send(
        self, request, stream=False, timeout=None, verify=True, cert=None, proxies=None
    ):
        """Sends PreparedRequest object. Returns Response object.
    
        :param request: The :class:`PreparedRequest <PreparedRequest>` being sent.
        :param stream: (optional) Whether to stream the request content.
        :param timeout: (optional) How long to wait for the server to send
            data before giving up, as a float, or a :ref:`(connect timeout,
            read timeout) <timeouts>` tuple.
        :type timeout: float or tuple or urllib3 Timeout object
        :param verify: (optional) Either a boolean, in which case it controls whether
            we verify the server's TLS certificate, or a string, in which case it
            must be a path to a CA bundle to use
        :param cert: (optional) Any user-provided SSL certificate to be trusted.
        :param proxies: (optional) The proxies dictionary to apply to the request.
        :rtype: requests.Response
        """
    
        try:
            conn = self.get_connection_with_tls_context(
                request, verify, proxies=proxies, cert=cert
            )
        except LocationValueError as e:
            raise InvalidURL(e, request=request)
    
        self.cert_verify(conn, request.url, verify, cert)
        url = self.request_url(request, proxies)
        self.add_headers(
            request,
            stream=stream,
            timeout=timeout,
            verify=verify,
            cert=cert,
            proxies=proxies,
        )
    
        chunked = not (request.body is None or "Content-Length" in request.headers)
    
        if isinstance(timeout, tuple):
            try:
                connect, read = timeout
                timeout = TimeoutSauce(connect=connect, read=read)
            except ValueError:
                raise ValueError(
                    f"Invalid timeout {timeout}. Pass a (connect, read) timeout tuple, "
                    f"or a single float to set both timeouts to the same value."
                )
        elif isinstance(timeout, TimeoutSauce):
            pass
        else:
            timeout = TimeoutSauce(connect=timeout, read=timeout)
    
        try:
            resp = conn.urlopen(
                method=request.method,
                url=url,
                body=request.body,
                headers=request.headers,
                redirect=False,
                assert_same_host=False,
                preload_content=False,
                decode_content=False,
                retries=self.max_retries,
                timeout=timeout,
                chunked=chunked,
            )
    
        except (ProtocolError, OSError) as err:
            raise ConnectionError(err, request=request)
    
        except MaxRetryError as e:
            if isinstance(e.reason, ConnectTimeoutError):
                # TODO: Remove this in 3.0.0: see #2811
                if not isinstance(e.reason, NewConnectionError):
                    raise ConnectTimeout(e, request=request)
    
            if isinstance(e.reason, ResponseError):
                raise RetryError(e, request=request)
    
            if isinstance(e.reason, _ProxyError):
                raise ProxyError(e, request=request)
    
            if isinstance(e.reason, _SSLError):
                # This branch is for urllib3 v1.22 and later.
                raise SSLError(e, request=request)
    
>           raise ConnectionError(e, request=request)
E           requests.exceptions.ConnectionError: HTTPConnectionPool(host='localhost', port=8000): Max retries exceeded with url: /webhook?hub.mode=subscribe&hub.verify_token=test_token&hub.challenge=test_challenge (Caused by NewConnectionError("HTTPConnection(host='localhost', port=8000): Failed to establish a new connection: [WinError 10061] No connection could be made because the target machine actively refused it"))

.venv\Lib\site-packages\requests\adapters.py:677: ConnectionError
---------------------------- Captured stdout call -----------------------------

==================================================
Testing Webhook Verification
==================================================
============================== warnings summary ===============================
services\gemini_service.py:8
  C:\Users\ttapk\PycharmProjects\pythonProject\AI bot for FB page\services\gemini_service.py:8: FutureWarning: 
  
  All support for the `google.generativeai` package has ended. It will no longer be receiving 
  updates or bug fixes. Please switch to the `google.genai` package as soon as possible.
  See README for more details:
  
  https://github.com/google-gemini/deprecated-generative-ai-python/blob/main/README.md
  
    import google.generativeai as genai

-- Docs: https://docs.pytest.org/en/stable/how-to/capture-warnings.html
=========================== short test summary info ===========================
FAILED scripts/test_api.py::test_health - requests.exceptions.ConnectionError...
FAILED scripts/test_api.py::test_readiness - requests.exceptions.ConnectionEr...
FAILED scripts/test_api.py::test_metrics - requests.exceptions.ConnectionErro...
FAILED scripts/test_api.py::test_config - requests.exceptions.ConnectionError...
FAILED scripts/test_api.py::test_webhook_verification - requests.exceptions.C...
=================== 5 failed, 3 passed, 1 warning in 30.37s ===================
